Arguments: 
  /usr/local/bin/node /usr/local/Cellar/yarn/1.17.3/libexec/bin/yarn.js add webpack-browsersync-plugin

PATH: 
  /usr/local/bin:/usr/bin:/bin:/usr/sbin:/sbin:/Users/kevin/.composer/vendor/bin

Yarn version: 
  1.17.3

Node version: 
  10.16.3

Platform: 
  darwin x64

Trace: 
  Error: https://registry.yarnpkg.com/webpack-browsersync-plugin: Not found
      at Request.params.callback [as _callback] (/usr/local/Cellar/yarn/1.17.3/libexec/lib/cli.js:66830:18)
      at Request.self.callback (/usr/local/Cellar/yarn/1.17.3/libexec/lib/cli.js:140464:22)
      at Request.emit (events.js:198:13)
      at Request.<anonymous> (/usr/local/Cellar/yarn/1.17.3/libexec/lib/cli.js:141436:10)
      at Request.emit (events.js:198:13)
      at IncomingMessage.<anonymous> (/usr/local/Cellar/yarn/1.17.3/libexec/lib/cli.js:141358:12)
      at Object.onceWrapper (events.js:286:20)
      at IncomingMessage.emit (events.js:203:15)
      at endReadableNT (_stream_readable.js:1145:12)
      at process._tickCallback (internal/process/next_tick.js:63:19)

npm manifest: 
  {
    "private": true,
    "scripts": {
      "dev": "npm run development",
      "development": "cross-env NODE_ENV=development node_modules/webpack/bin/webpack.js --progress --hide-modules --config=node_modules/laravel-mix/setup/webpack.config.js",
      "watch": "npm run development -- --watch",
      "watch-poll": "npm run watch -- --watch-poll",
      "hot": "cross-env NODE_ENV=development node_modules/webpack-dev-server/bin/webpack-dev-server.js --inline --hot --config=node_modules/laravel-mix/setup/webpack.config.js",
      "prod": "npm run production",
      "production": "cross-env NODE_ENV=production node_modules/webpack/bin/webpack.js --no-progress --hide-modules --config=node_modules/laravel-mix/setup/webpack.config.js"
    },
    "devDependencies": {
      "acorn": "6.0.0",
      "axios": "^0.18",
      "bootstrap": "^4.0.0",
      "bootstrap-sass": "^3.0.0",
      "browser-sync": "^2.26.3",
      "cross-env": "^5.2.1",
      "gulp": "^3.9.1",
      "jquery": "^3.2",
      "laravel-elixir": "^5.0.0",
      "laravel-mix": "^4.0.7",
      "lodash": "^4.17.5",
      "popper.js": "^1.12",
      "resolve-url-loader": "^2.3.1",
      "sass": "^1.15.2",
      "sass-loader": "^7.1.0",
      "tailwindcss": "^1.0.1",
      "vue": "^2.5.17",
      "vue-template-compiler": "^2.6.10",
      "webpack": "^4.41.0"
    },
    "dependencies": {
      "@tailwindcss/custom-forms": "^0.1.4",
      "dev": "^0.1.3"
    }
  }

yarn manifest: 
  No manifest

Lockfile: 
  No lockfile
